<?xml version="1.0" encoding="UTF-8"?>
<testng-results skipped="0" failed="0" total="1" passed="1">
  <reporter-output>
  </reporter-output>
  <suite name="Default suite" duration-ms="35425" started-at="2019-08-14T16:45:07Z" finished-at="2019-08-14T16:45:42Z">
    <groups>
    </groups>
    <test name="Default test" duration-ms="35425" started-at="2019-08-14T16:45:07Z" finished-at="2019-08-14T16:45:42Z">
      <class name="setup.TestRunner$OpenMRSTests">
        <test-method status="PASS" signature="setUP()[pri:0, instance:setup.TestRunner$OpenMRSTests@51565ec2]" name="setUP" is-config="true" duration-ms="263" started-at="2019-08-14T12:45:07Z" finished-at="2019-08-14T12:45:07Z">
          <reporter-output>
          </reporter-output>
        </test-method> <!-- setUP -->
        <test-method status="PASS" signature="login(cucumber.api.testng.CucumberFeatureWrapper)[pri:0, instance:setup.TestRunner$OpenMRSTests@51565ec2]" name="login" duration-ms="34986" started-at="2019-08-14T12:45:07Z" description="login" data-provider="features" finished-at="2019-08-14T12:45:42Z">
          <params>
            <param index="0">
              <value>
                <![CDATA[Login page validation]]>
              </value>
            </param>
          </params>
          <reporter-output>
          </reporter-output>
        </test-method> <!-- login -->
        <test-method status="PASS" signature="tearDown()[pri:0, instance:setup.TestRunner$OpenMRSTests@51565ec2]" name="tearDown" is-config="true" duration-ms="50" started-at="2019-08-14T12:45:42Z" finished-at="2019-08-14T12:45:42Z">
          <reporter-output>
          </reporter-output>
        </test-method> <!-- tearDown -->
      </class> <!-- setup.TestRunner$OpenMRSTests -->
    </test> <!-- Default test -->
  </suite> <!-- Default suite -->
</testng-results>
